
Currently Loaded Modules:
  1) centos7/current   2) MARCC/summer-2018   3) gcc/6.4.0   4) openmpi/3.1
Type 0 child has age 0 and a school 0
Type 1 child has age 5 and a school 3
Type 2 child has age 9 and a school 4
Type 3 child has age 14 and a school 5
Type 4 child has age 17 and a school 6
Type 5 child has age 22 and a school 7
Cities for run 0 generated

Run 0 Day 1  Hour 1


Run 0 Day 1  Hour 2


Run 0 Day 1  Hour 3


Run 0 Day 1  Hour 4


Run 0 Day 1  Hour 5


Run 0 Day 1  Hour 6


Run 0 Day 1  Hour 7


Run 0 Day 1  Hour 8


Run 0 Day 1  Hour 9


Run 0 Day 1  Hour 10


Run 0 Day 1  Hour 11


Run 0 Day 1  Hour 12


Run 0 Day 1  Hour 13


Run 0 Day 1  Hour 14


Run 0 Day 1  Hour 15


Run 0 Day 1  Hour 16


Run 0 Day 1  Hour 17


Run 0 Day 1  Hour 18


Run 0 Day 1  Hour 19


Run 0 Day 1  Hour 20


Run 0 Day 1  Hour 21


Run 0 Day 1  Hour 22


Run 0 Day 1  Hour 23


Run 0 Day 1  Hour 24


Run 0 Day 2  Hour 1


Run 0 Day 2  Hour 2


Run 0 Day 2  Hour 3


Run 0 Day 2  Hour 4


Run 0 Day 2  Hour 5


Run 0 Day 2  Hour 6


Run 0 Day 2  Hour 7


Run 0 Day 2  Hour 8


Run 0 Day 2  Hour 9


Run 0 Day 2  Hour 10


Run 0 Day 2  Hour 11


Run 0 Day 2  Hour 12


Run 0 Day 2  Hour 13


Run 0 Day 2  Hour 14


Run 0 Day 2  Hour 15


Run 0 Day 2  Hour 16


Run 0 Day 2  Hour 17


Run 0 Day 2  Hour 18


Run 0 Day 2  Hour 19


Run 0 Day 2  Hour 20


Run 0 Day 2  Hour 21


Run 0 Day 2  Hour 22


Run 0 Day 2  Hour 23


Run 0 Day 2  Hour 24


Run 0 Day 3  Hour 1


Run 0 Day 3  Hour 2


Run 0 Day 3  Hour 3


Run 0 Day 3  Hour 4


Run 0 Day 3  Hour 5


Run 0 Day 3  Hour 6


Run 0 Day 3  Hour 7


Run 0 Day 3  Hour 8


Run 0 Day 3  Hour 9


Run 0 Day 3  Hour 10


Run 0 Day 3  Hour 11


Run 0 Day 3  Hour 12


Run 0 Day 3  Hour 13


Run 0 Day 3  Hour 14


Run 0 Day 3  Hour 15


Run 0 Day 3  Hour 16


Run 0 Day 3  Hour 17


Run 0 Day 3  Hour 18


Run 0 Day 3  Hour 19


Run 0 Day 3  Hour 20


Run 0 Day 3  Hour 21


Run 0 Day 3  Hour 22


Run 0 Day 3  Hour 23


Run 0 Day 3  Hour 24


Run 0 Day 4  Hour 1


Run 0 Day 4  Hour 2


Run 0 Day 4  Hour 3


Run 0 Day 4  Hour 4


Run 0 Day 4  Hour 5


Run 0 Day 4  Hour 6


Run 0 Day 4  Hour 7


Run 0 Day 4  Hour 8


Run 0 Day 4  Hour 9


Run 0 Day 4  Hour 10


Run 0 Day 4  Hour 11


Run 0 Day 4  Hour 12


Run 0 Day 4  Hour 13


Run 0 Day 4  Hour 14


Run 0 Day 4  Hour 15


Run 0 Day 4  Hour 16


Run 0 Day 4  Hour 17


Run 0 Day 4  Hour 18


Run 0 Day 4  Hour 19


Run 0 Day 4  Hour 20


Run 0 Day 4  Hour 21


Run 0 Day 4  Hour 22


Run 0 Day 4  Hour 23


Run 0 Day 4  Hour 24


Run 0 Day 5  Hour 1


Run 0 Day 5  Hour 2


Run 0 Day 5  Hour 3


Run 0 Day 5  Hour 4


Run 0 Day 5  Hour 5


Run 0 Day 5  Hour 6


Run 0 Day 5  Hour 7


Run 0 Day 5  Hour 8


Run 0 Day 5  Hour 9


Run 0 Day 5  Hour 10


Run 0 Day 5  Hour 11


Run 0 Day 5  Hour 12


Run 0 Day 5  Hour 13


Run 0 Day 5  Hour 14


Run 0 Day 5  Hour 15


Run 0 Day 5  Hour 16


Run 0 Day 5  Hour 17


Run 0 Day 5  Hour 18


Run 0 Day 5  Hour 19


Run 0 Day 5  Hour 20


Run 0 Day 5  Hour 21


Run 0 Day 5  Hour 22


Run 0 Day 5  Hour 23


Run 0 Day 5  Hour 24


Run 0 Day 6  Hour 1


Run 0 Day 6  Hour 2


Run 0 Day 6  Hour 3


Run 0 Day 6  Hour 4


Run 0 Day 6  Hour 5


Run 0 Day 6  Hour 6


Run 0 Day 6  Hour 7


Run 0 Day 6  Hour 8


Run 0 Day 6  Hour 9


Run 0 Day 6  Hour 10


Run 0 Day 6  Hour 11


Run 0 Day 6  Hour 12


Run 0 Day 6  Hour 13


Run 0 Day 6  Hour 14


Run 0 Day 6  Hour 15


Run 0 Day 6  Hour 16


Run 0 Day 6  Hour 17


Run 0 Day 6  Hour 18


Run 0 Day 6  Hour 19


Run 0 Day 6  Hour 20


Run 0 Day 6  Hour 21


Run 0 Day 6  Hour 22


Run 0 Day 6  Hour 23


Run 0 Day 6  Hour 24


Run 0 Day 7  Hour 1


Run 0 Day 7  Hour 2


Run 0 Day 7  Hour 3


Run 0 Day 7  Hour 4


Run 0 Day 7  Hour 5


Run 0 Day 7  Hour 6


Run 0 Day 7  Hour 7


Run 0 Day 7  Hour 8


Run 0 Day 7  Hour 9


Run 0 Day 7  Hour 10


Run 0 Day 7  Hour 11


Run 0 Day 7  Hour 12


Run 0 Day 7  Hour 13


Run 0 Day 7  Hour 14


Run 0 Day 7  Hour 15


Run 0 Day 7  Hour 16


Run 0 Day 7  Hour 17


Run 0 Day 7  Hour 18


Run 0 Day 7  Hour 19


Run 0 Day 7  Hour 20


Run 0 Day 7  Hour 21


Run 0 Day 7  Hour 22


Run 0 Day 7  Hour 23


Run 0 Day 7  Hour 24


Run 0 Day 8  Hour 1


Run 0 Day 8  Hour 2


Run 0 Day 8  Hour 3


Run 0 Day 8  Hour 4


Run 0 Day 8  Hour 5


Run 0 Day 8  Hour 6


Run 0 Day 8  Hour 7


Run 0 Day 8  Hour 8


Run 0 Day 8  Hour 9


Run 0 Day 8  Hour 10


Run 0 Day 8  Hour 11


Run 0 Day 8  Hour 12


Run 0 Day 8  Hour 13


Run 0 Day 8  Hour 14


Run 0 Day 8  Hour 15


Run 0 Day 8  Hour 16


Run 0 Day 8  Hour 17


Run 0 Day 8  Hour 18


Run 0 Day 8  Hour 19


Run 0 Day 8  Hour 20


Run 0 Day 8  Hour 21


Run 0 Day 8  Hour 22


Run 0 Day 8  Hour 23


Run 0 Day 8  Hour 24


Run 0 Day 9  Hour 1


Run 0 Day 9  Hour 2


Run 0 Day 9  Hour 3


Run 0 Day 9  Hour 4


Run 0 Day 9  Hour 5


Run 0 Day 9  Hour 6


Run 0 Day 9  Hour 7


Run 0 Day 9  Hour 8


Run 0 Day 9  Hour 9


Run 0 Day 9  Hour 10


Run 0 Day 9  Hour 11


Run 0 Day 9  Hour 12


Run 0 Day 9  Hour 13


Run 0 Day 9  Hour 14


Run 0 Day 9  Hour 15


Run 0 Day 9  Hour 16


Run 0 Day 9  Hour 17


Run 0 Day 9  Hour 18


Run 0 Day 9  Hour 19


Run 0 Day 9  Hour 20


Run 0 Day 9  Hour 21


Run 0 Day 9  Hour 22


Run 0 Day 9  Hour 23


Run 0 Day 9  Hour 24


Run 0 Day 10  Hour 1


Run 0 Day 10  Hour 2


Run 0 Day 10  Hour 3


Run 0 Day 10  Hour 4


Run 0 Day 10  Hour 5


Run 0 Day 10  Hour 6


Run 0 Day 10  Hour 7


Run 0 Day 10  Hour 8


Run 0 Day 10  Hour 9


Run 0 Day 10  Hour 10


Run 0 Day 10  Hour 11


Run 0 Day 10  Hour 12


Run 0 Day 10  Hour 13


Run 0 Day 10  Hour 14


Run 0 Day 10  Hour 15


Run 0 Day 10  Hour 16


Run 0 Day 10  Hour 17


Run 0 Day 10  Hour 18


Run 0 Day 10  Hour 19


Run 0 Day 10  Hour 20


Run 0 Day 10  Hour 21


Run 0 Day 10  Hour 22


Run 0 Day 10  Hour 23


Run 0 Day 10  Hour 24


Run 0 Day 11  Hour 1


Run 0 Day 11  Hour 2


Run 0 Day 11  Hour 3


Run 0 Day 11  Hour 4


Run 0 Day 11  Hour 5


Run 0 Day 11  Hour 6


Run 0 Day 11  Hour 7


Run 0 Day 11  Hour 8


Run 0 Day 11  Hour 9


Run 0 Day 11  Hour 10


Run 0 Day 11  Hour 11


Run 0 Day 11  Hour 12


Run 0 Day 11  Hour 13


Run 0 Day 11  Hour 14


Run 0 Day 11  Hour 15


Run 0 Day 11  Hour 16


Run 0 Day 11  Hour 17


Run 0 Day 11  Hour 18


Run 0 Day 11  Hour 19


Run 0 Day 11  Hour 20


Run 0 Day 11  Hour 21


Run 0 Day 11  Hour 22


Run 0 Day 11  Hour 23


Run 0 Day 11  Hour 24


Run 0 Day 12  Hour 1


Run 0 Day 12  Hour 2


Run 0 Day 12  Hour 3


Run 0 Day 12  Hour 4


Run 0 Day 12  Hour 5


Run 0 Day 12  Hour 6


Run 0 Day 12  Hour 7


Run 0 Day 12  Hour 8


Run 0 Day 12  Hour 9


Run 0 Day 12  Hour 10


Run 0 Day 12  Hour 11


Run 0 Day 12  Hour 12


Run 0 Day 12  Hour 13


Run 0 Day 12  Hour 14


Run 0 Day 12  Hour 15


Run 0 Day 12  Hour 16


Run 0 Day 12  Hour 17


Run 0 Day 12  Hour 18


Run 0 Day 12  Hour 19


Run 0 Day 12  Hour 20


Run 0 Day 12  Hour 21


Run 0 Day 12  Hour 22


Run 0 Day 12  Hour 23


Run 0 Day 12  Hour 24


Run 0 Day 13  Hour 1


Run 0 Day 13  Hour 2


Run 0 Day 13  Hour 3


Run 0 Day 13  Hour 4


Run 0 Day 13  Hour 5


Run 0 Day 13  Hour 6


Run 0 Day 13  Hour 7


Run 0 Day 13  Hour 8


Run 0 Day 13  Hour 9


Run 0 Day 13  Hour 10


Run 0 Day 13  Hour 11


Run 0 Day 13  Hour 12


Run 0 Day 13  Hour 13


Run 0 Day 13  Hour 14


Run 0 Day 13  Hour 15


Run 0 Day 13  Hour 16


Run 0 Day 13  Hour 17


Run 0 Day 13  Hour 18


Run 0 Day 13  Hour 19


Run 0 Day 13  Hour 20


Run 0 Day 13  Hour 21


Run 0 Day 13  Hour 22


Run 0 Day 13  Hour 23


Run 0 Day 13  Hour 24


Run 0 Day 14  Hour 1


Run 0 Day 14  Hour 2


Run 0 Day 14  Hour 3


Run 0 Day 14  Hour 4


Run 0 Day 14  Hour 5


Run 0 Day 14  Hour 6


Run 0 Day 14  Hour 7


Run 0 Day 14  Hour 8


Run 0 Day 14  Hour 9


Run 0 Day 14  Hour 10


Run 0 Day 14  Hour 11


Run 0 Day 14  Hour 12


Run 0 Day 14  Hour 13


Run 0 Day 14  Hour 14


Run 0 Day 14  Hour 15


Run 0 Day 14  Hour 16


Run 0 Day 14  Hour 17


Run 0 Day 14  Hour 18


Run 0 Day 14  Hour 19


Run 0 Day 14  Hour 20


Run 0 Day 14  Hour 21


Run 0 Day 14  Hour 22


Run 0 Day 14  Hour 23


Run 0 Day 14  Hour 24


Run 0 Day 15  Hour 1


Run 0 Day 15  Hour 2


Run 0 Day 15  Hour 3


Run 0 Day 15  Hour 4


Run 0 Day 15  Hour 5


Run 0 Day 15  Hour 6


Run 0 Day 15  Hour 7


Run 0 Day 15  Hour 8


Run 0 Day 15  Hour 9


Run 0 Day 15  Hour 10


Run 0 Day 15  Hour 11


Run 0 Day 15  Hour 12


Run 0 Day 15  Hour 13


Run 0 Day 15  Hour 14


Run 0 Day 15  Hour 15


Run 0 Day 15  Hour 16


Run 0 Day 15  Hour 17


Run 0 Day 15  Hour 18


Run 0 Day 15  Hour 19


Run 0 Day 15  Hour 20


Run 0 Day 15  Hour 21


Run 0 Day 15  Hour 22


Run 0 Day 15  Hour 23


Run 0 Day 15  Hour 24


Run 0 Day 16  Hour 1


Run 0 Day 16  Hour 2


Run 0 Day 16  Hour 3


Run 0 Day 16  Hour 4


Run 0 Day 16  Hour 5


Run 0 Day 16  Hour 6


Run 0 Day 16  Hour 7


Run 0 Day 16  Hour 8


Run 0 Day 16  Hour 9


Run 0 Day 16  Hour 10


Run 0 Day 16  Hour 11


Run 0 Day 16  Hour 12


Run 0 Day 16  Hour 13


Run 0 Day 16  Hour 14


Run 0 Day 16  Hour 15


Run 0 Day 16  Hour 16


Run 0 Day 16  Hour 17


Run 0 Day 16  Hour 18


Run 0 Day 16  Hour 19


Run 0 Day 16  Hour 20


Run 0 Day 16  Hour 21


Run 0 Day 16  Hour 22


Run 0 Day 16  Hour 23


Run 0 Day 16  Hour 24


Run 0 Day 17  Hour 1


Run 0 Day 17  Hour 2


Run 0 Day 17  Hour 3


Run 0 Day 17  Hour 4


Run 0 Day 17  Hour 5


Run 0 Day 17  Hour 6


Run 0 Day 17  Hour 7


Run 0 Day 17  Hour 8


Run 0 Day 17  Hour 9


Run 0 Day 17  Hour 10


Run 0 Day 17  Hour 11


Run 0 Day 17  Hour 12


Run 0 Day 17  Hour 13


Run 0 Day 17  Hour 14


Run 0 Day 17  Hour 15


Run 0 Day 17  Hour 16


Run 0 Day 17  Hour 17


Run 0 Day 17  Hour 18


Run 0 Day 17  Hour 19


Run 0 Day 17  Hour 20


Run 0 Day 17  Hour 21


Run 0 Day 17  Hour 22


Run 0 Day 17  Hour 23


Run 0 Day 17  Hour 24


Run 0 Day 18  Hour 1


Run 0 Day 18  Hour 2


Run 0 Day 18  Hour 3


Run 0 Day 18  Hour 4


Run 0 Day 18  Hour 5


Run 0 Day 18  Hour 6


Run 0 Day 18  Hour 7


Run 0 Day 18  Hour 8


Run 0 Day 18  Hour 9


Run 0 Day 18  Hour 10


Run 0 Day 18  Hour 11


Run 0 Day 18  Hour 12


Run 0 Day 18  Hour 13


Run 0 Day 18  Hour 14


Run 0 Day 18  Hour 15


Run 0 Day 18  Hour 16


Run 0 Day 18  Hour 17


Run 0 Day 18  Hour 18


Run 0 Day 18  Hour 19


Run 0 Day 18  Hour 20


Run 0 Day 18  Hour 21


Run 0 Day 18  Hour 22


Run 0 Day 18  Hour 23


Run 0 Day 18  Hour 24


Run 0 Day 19  Hour 1


Run 0 Day 19  Hour 2


Run 0 Day 19  Hour 3


Run 0 Day 19  Hour 4


Run 0 Day 19  Hour 5


Run 0 Day 19  Hour 6


Run 0 Day 19  Hour 7


Run 0 Day 19  Hour 8


Run 0 Day 19  Hour 9


Run 0 Day 19  Hour 10


Run 0 Day 19  Hour 11


Run 0 Day 19  Hour 12


Run 0 Day 19  Hour 13


Run 0 Day 19  Hour 14


Run 0 Day 19  Hour 15


Run 0 Day 19  Hour 16


Run 0 Day 19  Hour 17


Run 0 Day 19  Hour 18


Run 0 Day 19  Hour 19


Run 0 Day 19  Hour 20


Run 0 Day 19  Hour 21


Run 0 Day 19  Hour 22


Run 0 Day 19  Hour 23


Run 0 Day 19  Hour 24


Run 0 Day 20  Hour 1


Run 0 Day 20  Hour 2


Run 0 Day 20  Hour 3


Run 0 Day 20  Hour 4


Run 0 Day 20  Hour 5


Run 0 Day 20  Hour 6


Run 0 Day 20  Hour 7


Run 0 Day 20  Hour 8


Run 0 Day 20  Hour 9


Run 0 Day 20  Hour 10


Run 0 Day 20  Hour 11


Run 0 Day 20  Hour 12


Run 0 Day 20  Hour 13


Run 0 Day 20  Hour 14


Run 0 Day 20  Hour 15


Run 0 Day 20  Hour 16


Run 0 Day 20  Hour 17


Run 0 Day 20  Hour 18


Run 0 Day 20  Hour 19


Run 0 Day 20  Hour 20


Run 0 Day 20  Hour 21


Run 0 Day 20  Hour 22


Run 0 Day 20  Hour 23


Run 0 Day 20  Hour 24


Run 0 Day 21  Hour 1


Run 0 Day 21  Hour 2


Run 0 Day 21  Hour 3


Run 0 Day 21  Hour 4


Run 0 Day 21  Hour 5


Run 0 Day 21  Hour 6


Run 0 Day 21  Hour 7


Run 0 Day 21  Hour 8


Run 0 Day 21  Hour 9


Run 0 Day 21  Hour 10


Run 0 Day 21  Hour 11


Run 0 Day 21  Hour 12


Run 0 Day 21  Hour 13


Run 0 Day 21  Hour 14


Run 0 Day 21  Hour 15


Run 0 Day 21  Hour 16


Run 0 Day 21  Hour 17


Run 0 Day 21  Hour 18


Run 0 Day 21  Hour 19


Run 0 Day 21  Hour 20


Run 0 Day 21  Hour 21


Run 0 Day 21  Hour 22


Run 0 Day 21  Hour 23


Run 0 Day 21  Hour 24

Fri Jan  4 12:20:54 2019

